<?xml version="1.0" encoding="UTF-8"?>
<testng-results skipped="0" failed="0" ignored="0" total="1" passed="1">
  <reporter-output>
  </reporter-output>
  <suite name="Default suite" duration-ms="11276" started-at="2017-06-12T16:21:37Z" finished-at="2017-06-12T16:21:48Z">
    <groups>
    </groups>
    <test name="Default test" duration-ms="11276" started-at="2017-06-12T16:21:37Z" finished-at="2017-06-12T16:21:48Z">
      <class name="pac1.Class1">
        <test-method status="PASS" signature="firsdrivt()[pri:0, instance:pac1.Class1@4b9e13df]" name="firsdrivt" duration-ms="11242" started-at="2017-06-12T21:51:37Z" finished-at="2017-06-12T21:51:48Z">
          <reporter-output>
          </reporter-output>
        </test-method> <!-- firsdrivt -->
      </class> <!-- pac1.Class1 -->
    </test> <!-- Default test -->
  </suite> <!-- Default suite -->
</testng-results>
