<?xml version="1.0" encoding="UTF-8"?>
<testng-results skipped="0" failed="0" ignored="0" total="2" passed="2">
  <reporter-output>
  </reporter-output>
  <suite name="Suite1" duration-ms="23749" started-at="2017-06-12T17:31:57Z" finished-at="2017-06-12T17:32:21Z">
    <groups>
    </groups>
    <test name="Nopackage" duration-ms="12697" started-at="2017-06-12T17:31:57Z" finished-at="2017-06-12T17:32:10Z">
      <class name="pac1.Class1">
        <test-method status="PASS" signature="firsdrivt()[pri:0, instance:pac1.Class1@2b98378d]" name="firsdrivt" duration-ms="12661" started-at="2017-06-12T23:01:57Z" finished-at="2017-06-12T23:02:10Z">
          <reporter-output>
          </reporter-output>
        </test-method> <!-- firsdrivt -->
      </class> <!-- pac1.Class1 -->
    </test> <!-- Nopackage -->
    <test name="Regression1" duration-ms="10883" started-at="2017-06-12T17:32:10Z" finished-at="2017-06-12T17:32:21Z">
      <class name="pac1.Class2">
        <test-method status="PASS" signature="firsdrivt()[pri:0, instance:pac1.Class2@6a4f787b]" name="firsdrivt" duration-ms="10879" started-at="2017-06-12T23:02:10Z" finished-at="2017-06-12T23:02:21Z">
          <reporter-output>
          </reporter-output>
        </test-method> <!-- firsdrivt -->
      </class> <!-- pac1.Class2 -->
    </test> <!-- Regression1 -->
  </suite> <!-- Suite1 -->
</testng-results>
